
Starting:    C:\Microsemi\Libero_SoC_v11.9\SynplifyPro\bin64\mbin\synbatch.exe
Install:     C:\Microsemi\Libero_SoC_v11.9\SynplifyPro
Hostname:    EECS373-08
Date:        Thu Nov 14 21:03:46 2019
Version:     L-2016.09M-SP1-5

Arguments:   -product synplify_pro -licensetype synplifypro_actel -batch -log synplify.log CarController_syn.tcl
ProductType: synplify_pro

License checkout: synplifypro_actel
License: synplifypro_actel node-locked 
Licensed Vendor: actel
License Option: actel_oem

Running in Vendor Mode


auto_infer_blackbox is not supported in current product.

log file: "C:\Users\youngben\Documents\CarioMart\synthesis\CarController.srr"

Running: synthesis in foreground



Running CarController_syn|synthesis


Running: compile (Compile) on CarController_syn|synthesis
# Thu Nov 14 21:03:46 2019


Running: compile_flow (Compile Process) on CarController_syn|synthesis
# Thu Nov 14 21:03:46 2019


Running: compiler (Compile Input) on CarController_syn|synthesis
# Thu Nov 14 21:03:46 2019

Copied C:\Users\youngben\Documents\CarioMart\synthesis\synwork\CarController_comp.srs to C:\Users\youngben\Documents\CarioMart\synthesis\CarController.srs


compiler completed
# Thu Nov 14 21:03:48 2019

Return Code: 0
Run Time:00h:00m:02s


Running: multi_srs_gen (Multi-srs Generator) on CarController_syn|synthesis
# Thu Nov 14 21:03:48 2019


multi_srs_gen completed
# Thu Nov 14 21:03:48 2019

Return Code: 0
Run Time:00h:00m:00s

Copied C:\Users\youngben\Documents\CarioMart\synthesis\synwork\CarController_mult.srs to C:\Users\youngben\Documents\CarioMart\synthesis\CarController.srs

Complete: Compile Process on CarController_syn|synthesis


Running: premap (Pre-mapping) on CarController_syn|synthesis
# Thu Nov 14 21:03:48 2019


premap completed
# Thu Nov 14 21:03:48 2019

Return Code: 0
Run Time:00h:00m:00s

Complete: Compile on CarController_syn|synthesis


Running: map (Map) on CarController_syn|synthesis
# Thu Nov 14 21:03:48 2019

License granted for 4 parallel jobs


Running: fpga_mapper (Map & Optimize) on CarController_syn|synthesis
# Thu Nov 14 21:03:48 2019

Copied C:\Users\youngben\Documents\CarioMart\synthesis\synwork\CarController_m.srm to C:\Users\youngben\Documents\CarioMart\synthesis\CarController.srm


fpga_mapper completed with warnings
# Thu Nov 14 21:04:00 2019

Return Code: 1
Run Time:00h:00m:12s

Complete: Map on CarController_syn|synthesis

Complete: Logic Synthesis on CarController_syn|synthesis

TCL script complete: "CarController_syn.tcl"

exit status=0

exit status=0

License checkin: synplifypro_actel

